DLL version: 2.7.0
Thursday, August 23, 2018 09:57:01   Start new logging
ModuleID[2] LevelID[10]: CMyExceptionHandler thread is running
ModuleID[2] LevelID[1]: new MxHidDeviceClass
ModuleID[2] LevelID[10]: new MxHidDevice[013E1B10]
ModuleID[2] LevelID[1]: new MxHidDeviceClass
ModuleID[2] LevelID[10]: new MxHidDevice[013E2518]
ModuleID[2] LevelID[1]: new MxHidDeviceClass
ModuleID[2] LevelID[10]: new MxHidDevice[04D7E498]
ModuleID[2] LevelID[1]: new MxHidDeviceClass
ModuleID[2] LevelID[10]: new MxHidDevice[058C3438]
ModuleID[2] LevelID[1]: new MxHidDeviceClass
ModuleID[2] LevelID[10]: new MxHidDevice[04D7BF60]
ModuleID[2] LevelID[1]: new MxHidDeviceClass
ModuleID[2] LevelID[10]: new MxHidDevice[04D7DA30]
ModuleID[2] LevelID[1]: new MxHidDeviceClass
ModuleID[2] LevelID[10]: new MxHidDevice[04DEE738]
ModuleID[2] LevelID[10]: Device Manager thread is running
ModuleID[2] LevelID[1]: Can't set m_hStopEvent before it initialized or it already stop

ModuleID[2] LevelID[10]: CmdOperation[0] device chagned and reset to state 0
ModuleID[2] LevelID[10]: ExecuteCommand--Boot[WndIndex:0], File is C:\Users\Scott Kerr\Documents\Embedded Artists\MFGTool_Releases\PE10_BringUp\mfgtools_imx6ul_com_4.9.11_1.0.0_mothra\Profiles\Linux\OS Firmware\firmware\u-boot-imx6ulea-com.imx
ModuleID[2] LevelID[10]: ExecuteCommand--Load[WndIndex:0], File is C:\Users\Scott Kerr\Documents\Embedded Artists\MFGTool_Releases\PE10_BringUp\mfgtools_imx6ul_com_4.9.11_1.0.0_mothra\Profiles\Linux\OS Firmware\firmware\zImage-imx6ulea-com, address is 0x80800000
ModuleID[2] LevelID[10]: PortMgrDlg(0)--Command Load excute successfully, retry count: 0
ModuleID[2] LevelID[10]: CmdOperation[0], skip current command, so SetEvent(hDevCanDeleteEvent)
ModuleID[2] LevelID[10]: ExecuteCommand--Load[WndIndex:0], File is C:\Users\Scott Kerr\Documents\Embedded Artists\MFGTool_Releases\PE10_BringUp\mfgtools_imx6ul_com_4.9.11_1.0.0_mothra\Profiles\Linux\OS Firmware\firmware\fsl-image-mfgtool-initramfs-imx_mfgtools.cpio.gz.u-boot, address is 0x83800000
ModuleID[2] LevelID[10]: PortMgrDlg(0)--Command Load excute successfully, retry count: 0
ModuleID[2] LevelID[10]: CmdOperation[0], skip current command, so SetEvent(hDevCanDeleteEvent)
ModuleID[2] LevelID[10]: ExecuteCommand--Load[WndIndex:0], File is C:\Users\Scott Kerr\Documents\Embedded Artists\MFGTool_Releases\PE10_BringUp\mfgtools_imx6ul_com_4.9.11_1.0.0_mothra\Profiles\Linux\OS Firmware\firmware\imx6ulea-com-kit.dtb, address is 0x83000000
ModuleID[2] LevelID[10]: PortMgrDlg(0)--Command Load excute successfully, retry count: 0
ModuleID[2] LevelID[10]: CmdOperation[0], skip current command, so SetEvent(hDevCanDeleteEvent)
ModuleID[2] LevelID[10]: ExecuteCommand--Jump[WndIndex:0]
ModuleID[2] LevelID[10]: *********MxHidDevice[04DEE738] Jump to Ramkernel successfully!**********
ModuleID[2] LevelID[10]: CmdOperation[0], current state command has been finished and the last command is successful, so SetEvent(hDevCanDeleteEvent)
ModuleID[2] LevelID[10]: DeviceManager::DevChangeWnd::OnDeviceChange() - DEVICE_REMOVAL_EVT(\\?\USB#VID_15A2&PID_007D#40000030#{a5dcbf10-6530-11d2-901f-00c04fb951ed})
ModuleID[2] LevelID[10]: DeviceManager::DevChangeWnd::OnDeviceChange() - end
ModuleID[2] LevelID[10]: DeviceManager::OnMsgDeviceEvent() - DEVICE_REMOVAL_EVT(\\?\USB#VID_15A2&PID_007D#40000030#{a5dcbf10-6530-11d2-901f-00c04fb951ed})
ModuleID[2] LevelID[10]: DeviceClass::FindDeviceByUsbPath--DeviceListType_Current, _devices.size: 1
ModuleID[2] LevelID[10]: DeviceClass::FindDeviceByUsbPath--DeviceListType_Current, devInstPathToFind: USB\VID_15A2&PID_007D\40000030, _deviceInstanceID: USB\VID_15A2&PID_007D\40000030
ModuleID[2] LevelID[10]: DeviceClass::FindDeviceByUsbPath--DeviceListType_Current, Find the device
ModuleID[2] LevelID[10]: DeviceManager::OnMsgDeviceEvent() - DEVICE_REMOVAL_EVT,[MxHidDeviceClass] vid_15a2&pid_007d, Hub:1-Port:4
ModuleID[2] LevelID[10]: DeviceManager::OnMsgDeviceEvent() - DEVICE_REMOVAL_EVT, Notify
ModuleID[2] LevelID[10]: CmdOpreation[0]--OnDeviceChangeNotify, Volume Arrive/Remove or Device Arrive/Remove
ModuleID[2] LevelID[10]: CmdOpreation[0]--OnDeviceChangeNotify, m_p_usb_port is not NULL, so only refresh
ModuleID[2] LevelID[10]: CmdOpreation[0]--OnDeviceChangeNotify, Volume/Device Remove
ModuleID[2] LevelID[1]: CmdOpreation[0]--set m_hDeviceRemoveEvent.
ModuleID[2] LevelID[10]: CmdOpreation[0]--WaitforEvents device remove1
ModuleID[2] LevelID[10]: DeviceManager::OnMsgDeviceEvent()-DEVICE_REMOVAL_EVT, hDevCanDeleteEvent has been set
ModuleID[2] LevelID[10]: delete MxHidDevice[04DEE738]
ModuleID[2] LevelID[10]: DeviceManager::DevChangeWnd::OnDeviceChange() - DEVICE_ARRIVAL_EVT(\\?\USB#VID_066F&PID_37FF#b&2257349d&0&4#{a5dcbf10-6530-11d2-901f-00c04fb951ed})
ModuleID[2] LevelID[10]: DeviceManager::DevChangeWnd::OnDeviceChange() - end
ModuleID[2] LevelID[10]: DeviceManager::OnMsgDeviceEvent() - DEVICE_ARRIVAL_EVT(\\?\USB#VID_066F&PID_37FF#b&2257349d&0&4#{a5dcbf10-6530-11d2-901f-00c04fb951ed})
ModuleID[2] LevelID[10]: DeviceManager::OnMsgDeviceEvent() - DEVICE_ARRIVAL_EVT,[Msc,DiskDeviceClass] vid_066f&pid_37ff, not handled
ModuleID[2] LevelID[10]: DeviceManager::DevChangeWnd::OnDeviceChange() - VOLUME_ARRIVAL_EVT(F)
ModuleID[2] LevelID[10]: DeviceManager::DevChangeWnd::OnDeviceChange() - end
ModuleID[2] LevelID[10]: DeviceManager::OnMsgDeviceEvent() - VOLUME_ARRIVAL_EVT(F)
ModuleID[2] LevelID[10]: VolumeDeviceClass::AddUsbDevice()  F
ModuleID[2] LevelID[10]: DeviceTypeDisk--_devices size: 1
ModuleID[2] LevelID[10]: Volume--StorageDisk, Disk->_driveNumber:2, Volume->_diskNumber:2
ModuleID[2] LevelID[10]: DeviceTypeDisk--find Disk device: 04DEE738
ModuleID[2] LevelID[10]: Device::hubIndex::getmsc, return the port index is: 4
ModuleID[2] LevelID[10]: VolumeDeviceClass::AddUsbDevice() successful F add to current list, retrycount: 0
ModuleID[2] LevelID[10]: Device::hubIndex::getmsc, return the port index is: 4
ModuleID[2] LevelID[10]: DeviceManager::OnMsgDeviceEvent() - VOLUME_ARRIVAL_EVT-Disk(F), Hub:1-Port:4
ModuleID[2] LevelID[10]: DeviceManager::OnMsgDeviceEvent() - VOLUME_ARRIVAL_EVT, Notify
ModuleID[2] LevelID[10]: CmdOpreation[0]--OnDeviceChangeNotify, Volume Arrive/Remove or Device Arrive/Remove
ModuleID[2] LevelID[10]: CmdOpreation[0]--OnDeviceChangeNotify, m_p_usb_port is not NULL, so only refresh
ModuleID[2] LevelID[10]: CmdOpreation[0]--OnDeviceChangeNotify, Volume/Device Arrive
ModuleID[2] LevelID[1]: CmdOpreation[0]--set m_hDeviceArriveEvent.
ModuleID[2] LevelID[10]: CmdOpreation[0]--WaitforEvents device arrive1
ModuleID[2] LevelID[10]: CmdOperation[0] device chagned and reset to state 1
ModuleID[2] LevelID[10]: ExecuteCommand--Push[WndIndex:0], Body is $ mkfs.vfat /dev/mmcblk1p1
ModuleID[2] LevelID[10]: ExecuteCommand--Push[WndIndex:0], Body is $ mkdir -p /mnt/mmcblk1p1
ModuleID[2] LevelID[10]: ExecuteCommand--Push[WndIndex:0], Body is $ mount -t vfat /dev/mmcblk1p1 /mnt/mmcblk1p1
ModuleID[2] LevelID[10]: ExecuteCommand--Push[WndIndex:0], Body is send
ModuleID[2] LevelID[10]: ExecuteCommand--Push[WndIndex:0], Body is $ cp $FILE /mnt/mmcblk1p1/zImage
ModuleID[2] LevelID[10]: ExecuteCommand--Push[WndIndex:0], Body is send
ModuleID[2] LevelID[10]: ExecuteCommand--Push[WndIndex:0], Body is $ cp $FILE /mnt/mmcblk1p1/imx6ulea-com-kit.dtb
ModuleID[2] LevelID[10]: ExecuteCommand--Push[WndIndex:0], Body is send
ModuleID[2] LevelID[10]: ExecuteCommand--Push[WndIndex:0], Body is $ cp $FILE /mnt/mmcblk1p1/imx6ulea-com-kit-rf.dtb
ModuleID[2] LevelID[10]: ExecuteCommand--Push[WndIndex:0], Body is send
ModuleID[2] LevelID[10]: ExecuteCommand--Push[WndIndex:0], Body is $ cp $FILE /mnt/mmcblk1p1/boot.scr
ModuleID[2] LevelID[10]: ExecuteCommand--Push[WndIndex:0], Body is $ umount /mnt/mmcblk1p1
ModuleID[2] LevelID[10]: ExecuteCommand--Push[WndIndex:0], Body is $ echo Update Complete!
ModuleID[2] LevelID[10]: CCmdOpreation[0] thread is Closed
ModuleID[2] LevelID[10]: CCmdOpreation[0] thread is Closed
ModuleID[2] LevelID[10]: DeviceManager::OnMsgDeviceEvent() - EVENT_KILL
ModuleID[2] LevelID[10]: CMyExceptionHandler::OnMsgExceptionEvent() - KillExceptionHandlerThread
ModuleID[2] LevelID[10]: Exception Handler thread is closed
ModuleID[2] LevelID[1]: delete MxHidDeviceClass
ModuleID[2] LevelID[10]: Device Manager thread is closed
